[2026-01-09T04:49:51.852+0000] {taskinstance.py:1956} INFO - Dependencies all met for dep_context=non-requeueable deps ti=<TaskInstance: adventureworks_pipeline.clean_salesorderdetail manual__2026-01-09T04:49:49.671699+00:00 [queued]>
[2026-01-09T04:49:51.879+0000] {taskinstance.py:1956} INFO - Dependencies all met for dep_context=requeueable deps ti=<TaskInstance: adventureworks_pipeline.clean_salesorderdetail manual__2026-01-09T04:49:49.671699+00:00 [queued]>
[2026-01-09T04:49:51.883+0000] {taskinstance.py:2170} INFO - Starting attempt 1 of 2
[2026-01-09T04:49:51.948+0000] {taskinstance.py:2191} INFO - Executing <Task(BashOperator): clean_salesorderdetail> on 2026-01-09 04:49:49.671699+00:00
[2026-01-09T04:49:51.978+0000] {standard_task_runner.py:60} INFO - Started process 213 to run task
[2026-01-09T04:49:52.147+0000] {standard_task_runner.py:87} INFO - Running: ['***', 'tasks', 'run', 'adventureworks_pipeline', 'clean_salesorderdetail', 'manual__2026-01-09T04:49:49.671699+00:00', '--job-id', '9', '--raw', '--subdir', 'DAGS_FOLDER/adventureworks_pipeline.py', '--cfg-path', '/tmp/tmplo0226tl']
[2026-01-09T04:49:52.218+0000] {standard_task_runner.py:88} INFO - Job 9: Subtask clean_salesorderdetail
[2026-01-09T04:49:52.658+0000] {task_command.py:423} INFO - Running <TaskInstance: adventureworks_pipeline.clean_salesorderdetail manual__2026-01-09T04:49:49.671699+00:00 [running]> on host 31242699d451
[2026-01-09T04:49:53.977+0000] {taskinstance.py:2480} INFO - Exporting env vars: AIRFLOW_CTX_DAG_OWNER='data-engineer' AIRFLOW_CTX_DAG_ID='adventureworks_pipeline' AIRFLOW_CTX_TASK_ID='clean_salesorderdetail' AIRFLOW_CTX_EXECUTION_DATE='2026-01-09T04:49:49.671699+00:00' AIRFLOW_CTX_TRY_NUMBER='1' AIRFLOW_CTX_DAG_RUN_ID='manual__2026-01-09T04:49:49.671699+00:00'
[2026-01-09T04:49:53.988+0000] {subprocess.py:63} INFO - Tmp dir root location: /tmp
[2026-01-09T04:49:53.997+0000] {subprocess.py:75} INFO - Running command: ['/usr/bin/bash', '-c', 'python /opt/***/project/scripts/transform/clean_salesorderdetail.py']
[2026-01-09T04:49:54.057+0000] {subprocess.py:86} INFO - Output:
[2026-01-09T04:49:54.196+0000] {subprocess.py:93} INFO - python: can't open file '/opt/***/project/scripts/transform/clean_salesorderdetail.py': [Errno 2] No such file or directory
[2026-01-09T04:49:54.208+0000] {subprocess.py:97} INFO - Command exited with return code 2
[2026-01-09T04:49:54.263+0000] {taskinstance.py:2698} ERROR - Task failed with exception
Traceback (most recent call last):
  File "/home/airflow/.local/lib/python3.8/site-packages/airflow/models/taskinstance.py", line 433, in _execute_task
    result = execute_callable(context=context, **execute_callable_kwargs)
  File "/home/airflow/.local/lib/python3.8/site-packages/airflow/operators/bash.py", line 212, in execute
    raise AirflowException(
airflow.exceptions.AirflowException: Bash command failed. The command returned a non-zero exit code 2.
[2026-01-09T04:49:54.277+0000] {taskinstance.py:1138} INFO - Marking task as UP_FOR_RETRY. dag_id=adventureworks_pipeline, task_id=clean_salesorderdetail, execution_date=20260109T044949, start_date=20260109T044951, end_date=20260109T044954
[2026-01-09T04:49:54.330+0000] {standard_task_runner.py:107} ERROR - Failed to execute job 9 for task clean_salesorderdetail (Bash command failed. The command returned a non-zero exit code 2.; 213)
[2026-01-09T04:49:54.382+0000] {local_task_job_runner.py:234} INFO - Task exited with return code 1
[2026-01-09T04:49:54.473+0000] {taskinstance.py:3280} INFO - 0 downstream tasks scheduled from follow-on schedule check
